<?xml version="1.0" encoding="UTF-8"?>
<!-- Generated by org.testng.reporters.JUnitXMLReporter -->
<testsuite ignored="6" hostname="Dhwaadi" failures="0" tests="2" name="sanityrun" time="7.82" errors="0" timestamp="2022-08-29T20:36:04 IST">
  <testcase classname="com.supermarket.testes.LoginTest" name="VerifyInvalidCredentialErrorMessage" time="0.911"/>
  <testcase classname="com.supermarket.testes.PushNotificationsTest" name="verifyPushNotificationInformation" time="2.384"/>
  <testcase classname="com.supermarket.testes.ManageCodTest" name="verifyAddCodNoRadiobutton" time="0.0">
    <ignored/>
  </testcase> <!-- verifyAddCodNoRadiobutton -->
  <testcase classname="com.supermarket.testes.AdminUsersTest" name="verifytheTextofSelectedUsertypeDropdown" time="0.0">
    <ignored/>
  </testcase> <!-- verifytheTextofSelectedUsertypeDropdown -->
  <testcase classname="com.supermarket.testes.LoginTest" name="verifyCreatedAdminLogin" time="0.0">
    <ignored/>
  </testcase> <!-- verifyCreatedAdminLogin -->
  <testcase classname="com.supermarket.testes.ManageCodTest" name="verifyAddCodYesRadiobutton" time="0.0">
    <ignored/>
  </testcase> <!-- verifyAddCodYesRadiobutton -->
  <testcase classname="com.supermarket.testes.LoginTest" name="verifyLogin" time="0.0">
    <ignored/>
  </testcase> <!-- verifyLogin -->
  <testcase classname="com.supermarket.testes.LoginTest" name="verifyRemebermeButton" time="0.0">
    <ignored/>
  </testcase> <!-- verifyRemebermeButton -->
</testsuite> <!-- sanityrun -->
