<?xml version="1.0" encoding="UTF-8"?>
<testng-results ignored="0" total="1" passed="1" failed="0" skipped="0">
  <reporter-output>
  </reporter-output>
  <suite started-at="2022-08-31T14:32:39 IST" name="Default suite" finished-at="2022-08-31T14:32:46 IST" duration-ms="7013">
    <groups>
    </groups>
    <test started-at="2022-08-31T14:32:39 IST" name="Default test" finished-at="2022-08-31T14:32:46 IST" duration-ms="7013">
      <class name="com.supermarket.testes.AddSliderTest">
        <test-method is-config="true" signature="setUp()[pri:0, instance:com.supermarket.testes.AddSliderTest@6aeb35e6]" started-at="2022-08-31T14:32:39 IST" name="setUp" finished-at="2022-08-31T14:32:42 IST" duration-ms="2681" status="PASS">
          <reporter-output>
          </reporter-output>
        </test-method> <!-- setUp -->
        <test-method signature="verifyImageuploading()[pri:0, instance:com.supermarket.testes.AddSliderTest@6aeb35e6]" started-at="2022-08-31T14:32:42 IST" name="verifyImageuploading" finished-at="2022-08-31T14:32:46 IST" duration-ms="4300" status="PASS">
          <reporter-output>
          </reporter-output>
        </test-method> <!-- verifyImageuploading -->
        <test-method is-config="true" signature="tearDown(org.testng.ITestResult)[pri:0, instance:com.supermarket.testes.AddSliderTest@6aeb35e6]" started-at="2022-08-31T14:32:46 IST" name="tearDown" finished-at="2022-08-31T14:32:46 IST" duration-ms="2" status="PASS">
          <params>
            <param index="0">
              <value>
                <![CDATA[[TestResult name=verifyImageuploading status=SUCCESS method=AddSliderTest.verifyImageuploading()[pri:0, instance:com.supermarket.testes.AddSliderTest@6aeb35e6] output={null}]]]>
              </value>
            </param>
          </params>
          <reporter-output>
          </reporter-output>
        </test-method> <!-- tearDown -->
      </class> <!-- com.supermarket.testes.AddSliderTest -->
    </test> <!-- Default test -->
  </suite> <!-- Default suite -->
</testng-results>
