<?xml version="1.0" encoding="UTF-8"?>
<!-- Generated by org.testng.reporters.JUnitXMLReporter -->
<testsuite ignored="0" hostname="Dhwaadi" failures="0" tests="5" name="reggression" time="22.623" errors="0" timestamp="2022-08-29T08:24:42 IST">
  <testcase classname="com.supermarket.testes.ManageProductTest" name="VerifyNewButtonBackgroundcolor" time="2.822"/>
  <testcase classname="com.supermarket.testes.ManageProductTest" name="VerifyResetButtonTextAlignment" time="1.774"/>
  <testcase classname="com.supermarket.testes.ManageProductTest" name="VerifySearchButtonFontSize" time="2.182"/>
  <testcase classname="com.supermarket.testes.ManageProductTest" name="VerifyTheAttributeoftheSearchbutton" time="1.955"/>
  <testcase classname="com.supermarket.testes.PushNotificationsTest" name="verifyPushNotificationInformation" time="2.884"/>
</testsuite> <!-- reggression -->
