<?xml version="1.0" encoding="UTF-8"?>
<!-- Generated by org.testng.reporters.JUnitXMLReporter -->
<testsuite ignored="0" hostname="Dhwaadi" failures="0" tests="13" name="smokeRun" time="35.691" errors="0" timestamp="2022-08-29T08:24:55 IST">
  <testcase classname="com.supermarket.testes.LoginTest" name="VerifyInvalidCredentialErrorMessage" time="0.994"/>
  <testcase classname="com.supermarket.testes.LoginTest" name="data_veri" time="0.991"/>
  <testcase classname="com.supermarket.testes.LoginTest" name="data_veri" time="0.589"/>
  <testcase classname="com.supermarket.testes.LoginTest" name="data_veri" time="0.63"/>
  <testcase classname="com.supermarket.testes.LoginTest" name="data_veri" time="0.609"/>
  <testcase classname="com.supermarket.testes.LoginTest" name="verifyCreatedAdminLogin" time="0.583"/>
  <testcase classname="com.supermarket.testes.LoginTest" name="verifyCreatedAdminLogin" time="0.818"/>
  <testcase classname="com.supermarket.testes.LoginTest" name="verifyCreatedAdminLogin" time="0.559"/>
  <testcase classname="com.supermarket.testes.LoginTest" name="verifyCreatedAdminLogin" time="0.506"/>
  <testcase classname="com.supermarket.testes.LoginTest" name="verifyLogin" time="0.522"/>
  <testcase classname="com.supermarket.testes.LoginTest" name="verifyRemebermeButton" time="0.07"/>
  <testcase classname="com.supermarket.testes.ManageCodTest" name="verifyAddCodNoRadiobutton" time="3.335"/>
  <testcase classname="com.supermarket.testes.ManageCodTest" name="verifyAddCodYesRadiobutton" time="1.918"/>
</testsuite> <!-- smokeRun -->
