<?xml version="1.0" encoding="UTF-8"?>
<!-- Generated by org.testng.reporters.JUnitXMLReporter -->
<testsuite ignored="0" hostname="Dhwaadi" failures="0" tests="5" name="reggressionedge" time="37.597" errors="0" timestamp="2022-08-29T08:47:48 IST">
  <testcase classname="com.supermarket.testes.ManageProductTest" name="VerifyNewButtonBackgroundcolor" time="2.981"/>
  <testcase classname="com.supermarket.testes.ManageProductTest" name="VerifyResetButtonTextAlignment" time="3.029"/>
  <testcase classname="com.supermarket.testes.ManageProductTest" name="VerifySearchButtonFontSize" time="2.779"/>
  <testcase classname="com.supermarket.testes.ManageProductTest" name="VerifyTheAttributeoftheSearchbutton" time="2.178"/>
  <testcase classname="com.supermarket.testes.PushNotificationsTest" name="verifyPushNotificationInformation" time="2.864"/>
</testsuite> <!-- reggressionedge -->
