<?xml version="1.0" encoding="UTF-8"?>
<!-- Generated by org.testng.reporters.JUnitXMLReporter -->
<testsuite ignored="0" hostname="Dhwaadi" failures="0" tests="13" name="reggressionchrome" time="43.207" errors="0" timestamp="2022-08-29T08:47:53 IST">
  <testcase classname="com.supermarket.testes.LoginTest" name="VerifyInvalidCredentialErrorMessage" time="1.066"/>
  <testcase classname="com.supermarket.testes.LoginTest" name="data_veri" time="1.014"/>
  <testcase classname="com.supermarket.testes.LoginTest" name="data_veri" time="0.578"/>
  <testcase classname="com.supermarket.testes.LoginTest" name="data_veri" time="0.932"/>
  <testcase classname="com.supermarket.testes.LoginTest" name="data_veri" time="0.964"/>
  <testcase classname="com.supermarket.testes.LoginTest" name="verifyCreatedAdminLogin" time="0.83"/>
  <testcase classname="com.supermarket.testes.LoginTest" name="verifyCreatedAdminLogin" time="0.845"/>
  <testcase classname="com.supermarket.testes.LoginTest" name="verifyCreatedAdminLogin" time="0.939"/>
  <testcase classname="com.supermarket.testes.LoginTest" name="verifyCreatedAdminLogin" time="0.568"/>
  <testcase classname="com.supermarket.testes.LoginTest" name="verifyLogin" time="0.481"/>
  <testcase classname="com.supermarket.testes.LoginTest" name="verifyRemebermeButton" time="0.116"/>
  <testcase classname="com.supermarket.testes.ManageCodTest" name="verifyAddCodNoRadiobutton" time="3.446"/>
  <testcase classname="com.supermarket.testes.ManageCodTest" name="verifyAddCodYesRadiobutton" time="1.925"/>
</testsuite> <!-- reggressionchrome -->
