<?xml version="1.0" encoding="UTF-8"?>
<!-- Generated by org.testng.reporters.JUnitXMLReporter -->
<testsuite ignored="0" hostname="Dhwaadi" failures="0" tests="5" name="reggressionfirefox" time="27.731" errors="0" timestamp="2022-08-29T08:47:38 IST">
  <testcase classname="com.supermarket.testes.ManageProductTest" name="VerifyNewButtonBackgroundcolor" time="3.115"/>
  <testcase classname="com.supermarket.testes.ManageProductTest" name="VerifyResetButtonTextAlignment" time="2.127"/>
  <testcase classname="com.supermarket.testes.ManageProductTest" name="VerifySearchButtonFontSize" time="2.589"/>
  <testcase classname="com.supermarket.testes.ManageProductTest" name="VerifyTheAttributeoftheSearchbutton" time="2.876"/>
  <testcase classname="com.supermarket.testes.PushNotificationsTest" name="verifyPushNotificationInformation" time="2.942"/>
</testsuite> <!-- reggressionfirefox -->
